LTF INTERNAL LOG START
LTF version 2.0.0-alpha-dev@aca97150+
OS: Linux 6.18.2-arch2-1
[01.12.26-00:19:33]: [ltf_test.c/ltf_test : 435]: Starting LTF testing...
[01.12.26-00:19:33]: [project_parser.c/project_parser_parse : 185]: Parsing project file...
[01.12.26-00:19:33]: [project_parser.c/project_parser_parse : 196]: Project file found: /home/iar/testing_automation/LTF/selftest/.ltf.json
[01.12.26-00:19:33]: [project_parser.c/project_parser_parse : 211]: Project.project_path: /home/iar/testing_automation/LTF/selftest
[01.12.26-00:19:33]: [project_parser.c/project_parse_json : 73]: Project.project_name: selftest
[01.12.26-00:19:33]: [project_parser.c/project_parse_json : 81]: Project.min_ltf_version: 1.0.4
[01.12.26-00:19:33]: [project_parser.c/project_parse_json : 88]: Projcet.min_ltf_ver_major: 1
[01.12.26-00:19:33]: [project_parser.c/project_parse_json : 94]: Project.min_ltf_ver_minor: 0
[01.12.26-00:19:33]: [project_parser.c/project_parse_json : 100]: Project.min_ltf_ver_patch: 4
[01.12.26-00:19:33]: [project_parser.c/project_parse_json : 106]: Project.multitarget: 1
[01.12.26-00:19:33]: [project_parser.c/project_parse_json : 127]: Project.targets[0]: bootstrap
[01.12.26-00:19:33]: [project_parser.c/project_parse_json : 127]: Project.targets[1]: selftest
[01.12.26-00:19:33]: [project_parser.c/project_parser_parse : 224]: Project file parsed successfully.
[01.12.26-00:19:33]: [ltf_test.c/ltf_test : 486]: Creating Lua state...
[01.12.26-00:19:33]: [ltf_test.c/ltf_test : 488]: Opening Lua libs...
[01.12.26-00:19:33]: [ltf_test.c/register_ltf_libs : 366]: Registering test API...
[01.12.26-00:19:33]: [modules/http/ltf-http.c/l_module_http_register_module : 259]: Registering ltf-http module...
[01.12.26-00:19:33]: [modules/http/ltf-http.c/l_module_http_register_module : 263]: Registering GC functions...
[01.12.26-00:19:33]: [modules/http/ltf-http.c/l_module_http_register_module : 266]: GC functions registered.
[01.12.26-00:19:33]: [modules/http/ltf-http.c/l_module_http_register_module : 268]: Registering handle functions..
[01.12.26-00:19:33]: [modules/http/ltf-http.c/l_module_http_register_module : 273]: Handle functions registered.
[01.12.26-00:19:33]: [modules/http/ltf-http.c/l_module_http_register_module : 275]: Registering module functions...
[01.12.26-00:19:33]: [modules/http/ltf-http.c/l_module_http_register_module : 278]: Module functions registered.
[01.12.26-00:19:33]: [modules/http/ltf-http.c/l_module_http_register_module : 280]: Successfully registered registered.
[01.12.26-00:19:33]: [modules/http/ltf-http.c/l_module_http_register_module : 282]: Successfully registered ltf-http module.
[01.12.26-00:19:33]: [modules/json/ltf-json.c/l_module_json_register_module : 57]: Registering ltf-json module...
[01.12.26-00:19:33]: [modules/json/ltf-json.c/l_module_json_register_module : 59]: Registering module functions...
[01.12.26-00:19:33]: [modules/json/ltf-json.c/l_module_json_register_module : 62]: Module functions registered.
[01.12.26-00:19:33]: [modules/json/ltf-json.c/l_module_json_register_module : 64]: Successfully registered ltf-json module.
[01.12.26-00:19:33]: [modules/ltf/ltf.c/l_module_ltf_register_module : 536]: Registering ltf-main module...
[01.12.26-00:19:33]: [modules/ltf/ltf.c/l_module_ltf_register_module : 538]: Registering module functions...
[01.12.26-00:19:33]: [modules/ltf/ltf.c/l_module_ltf_register_module : 541]: Module functions registered.
[01.12.26-00:19:33]: [modules/ltf/ltf.c/l_module_ltf_register_module : 543]: Successfully registered ltf-main module.
[01.12.26-00:19:33]: [modules/proc/ltf-proc.c/l_module_proc_register_module : 313]: Registering ltf-proc module...
[01.12.26-00:19:33]: [modules/proc/ltf-proc.c/l_module_proc_register_module : 317]: Registering proc functions...
[01.12.26-00:19:33]: [modules/proc/ltf-proc.c/l_module_proc_register_module : 322]: Proc functions registered.
[01.12.26-00:19:33]: [modules/proc/ltf-proc.c/l_module_proc_register_module : 324]: Registering module functions...
[01.12.26-00:19:33]: [modules/proc/ltf-proc.c/l_module_proc_register_module : 327]: Module functions registered.
[01.12.26-00:19:33]: [modules/proc/ltf-proc.c/l_module_proc_register_module : 329]: Successfully registered ltf-proc module.
[01.12.26-00:19:33]: [modules/serial/ltf-serial.c/l_module_serial_register_module : 756]: Registering ltf-serial module...
[01.12.26-00:19:33]: [modules/serial/ltf-serial.c/l_module_serial_register_module : 760]: Registering port functions...
[01.12.26-00:19:33]: [modules/serial/ltf-serial.c/l_module_serial_register_module : 765]: Port functions registered.
[01.12.26-00:19:33]: [modules/serial/ltf-serial.c/l_module_serial_register_module : 767]: Registering module functions...
[01.12.26-00:19:33]: [modules/serial/ltf-serial.c/l_module_serial_register_module : 770]: Module functions registered.
[01.12.26-00:19:33]: [modules/serial/ltf-serial.c/l_module_serial_register_module : 772]: Successfully registered ltf-serial module.
[01.12.26-00:19:33]: [modules/hooks/ltf-hooks.c/l_module_hooks_register_module : 56]: Registering ltf-hooks module...
[01.12.26-00:19:33]: [modules/hooks/ltf-hooks.c/l_module_hooks_register_module : 58]: Registering module functions...
[01.12.26-00:19:33]: [modules/hooks/ltf-hooks.c/l_module_hooks_register_module : 61]: Module functions registered.
[01.12.26-00:19:33]: [modules/hooks/ltf-hooks.c/l_module_hooks_register_module : 63]: Successfully registere ltf-hooks module.
[01.12.26-00:19:33]: [modules/ssh/ltf-ssh-lib.c/l_module_ssh_register_module : 96]: Registering ltf-ssh module...
[01.12.26-00:19:33]: [modules/ssh/ltf-ssh-lib.c/l_module_register_ssh_libmod : 77]: Registering ltf-ssh-libmod
[01.12.26-00:19:33]: [modules/ssh/ltf-ssh-lib.c/l_module_register_ssh_libmod : 91]: Successfully registered ltf-ssh-libmod
[01.12.26-00:19:33]: [modules/ssh/ltf-ssh-session.c/l_module_register_ssh_session : 248]: Registering ltf-ssh-session
[01.12.26-00:19:33]: [modules/ssh/ltf-ssh-session.c/l_module_register_ssh_session : 260]: Successfully registered ltf-ssh-session
[01.12.26-00:19:33]: [modules/ssh/ltf-ssh-channel.c/l_module_register_ssh_channel : 411]: Registering ltf-ssh-channel
[01.12.26-00:19:33]: [modules/ssh/ltf-ssh-channel.c/l_module_register_ssh_channel : 426]: Successfully registered ltf-ssh-channel
[01.12.26-00:19:33]: [modules/ssh/ltf-ssh-sftp.c/l_module_register_ssh_sftp : 559]: Registering ltf-ssh-sftp
[01.12.26-00:19:33]: [modules/ssh/ltf-ssh-sftp.c/l_module_register_ssh_sftp : 571]: Successfully registered ltf-ssh-sftp
[01.12.26-00:19:33]: [modules/ssh/ltf-ssh-lib.c/l_module_ssh_register_module : 112]: Successfully registered ltf-ssh module.
[01.12.26-00:19:33]: [modules/util/util.c/l_module_util_register_module : 224]: Registering ltf-util module...
[01.12.26-00:19:33]: [modules/util/util.c/l_module_util_register_module : 226]: Registering module functions...
[01.12.26-00:19:33]: [modules/util/util.c/l_module_util_register_module : 230]: Successfully registered ltf-helper module.
[01.12.26-00:19:33]: [ltf_test.c/inject_modules_dir : 308]: Injecting LTF library directory...
[01.12.26-00:19:33]: [ltf_test.c/get_ltf_lib_dir : 261]: Getting LTF library directory location...
[01.12.26-00:19:33]: [ltf_test.c/get_ltf_lib_dir : 282]: LUA_INSTALL_DIR specified: /home/iar/.ltf
[01.12.26-00:19:33]: [ltf_test.c/inject_modules_dir : 335]: Successfully injected LTF library directory.
[01.12.26-00:19:33]: [ltf_test.c/inject_cmodules_dir : 339]: Injecting LTF C modules directory...
[01.12.26-00:19:33]: [ltf_test.c/inject_cmodules_dir : 350]: Successfully injected LTF C modules directory: /home/iar/.ltf/lib/?.so
[01.12.26-00:19:33]: [ltf_test.c/register_ltf_libs : 381]: Test API registered.
[01.12.26-00:19:33]: [ltf_test.c/ltf_test : 515]: Project lib directory path: /home/iar/testing_automation/LTF/selftest/lib
[01.12.26-00:19:33]: [ltf_test.c/load_lua_dir : 410]: Found lua files in '/home/iar/testing_automation/LTF/selftest/lib', loading...
[01.12.26-00:19:33]: [ltf_test.c/load_lua_files : 388]: Loading Lua file /home/iar/testing_automation/LTF/selftest/lib/secrets.lua...
[01.12.26-00:19:33]: [ltf_test.c/load_lua_files : 396]: File /home/iar/testing_automation/LTF/selftest/lib/secrets.lua loaded successfully.
[01.12.26-00:19:33]: [ltf_test.c/load_lua_files : 388]: Loading Lua file /home/iar/testing_automation/LTF/selftest/lib/variables.lua...
[01.12.26-00:19:33]: [modules/ltf/ltf.c/l_module_ltf_register_vars : 187]: Registering LTF variables...
[01.12.26-00:19:33]: [ltf_test.c/load_lua_files : 396]: File /home/iar/testing_automation/LTF/selftest/lib/variables.lua loaded successfully.
[01.12.26-00:19:33]: [ltf_test.c/load_lua_files : 388]: Loading Lua file /home/iar/testing_automation/LTF/selftest/lib/test_checkup.lua...
[01.12.26-00:19:33]: [ltf_test.c/load_lua_files : 396]: File /home/iar/testing_automation/LTF/selftest/lib/test_checkup.lua loaded successfully.
[01.12.26-00:19:33]: [ltf_test.c/load_lua_files : 388]: Loading Lua file /home/iar/testing_automation/LTF/selftest/lib/webdriver_util.lua...
[01.12.26-00:19:33]: [ltf_test.c/load_lua_files : 396]: File /home/iar/testing_automation/LTF/selftest/lib/webdriver_util.lua loaded successfully.
[01.12.26-00:19:33]: [ltf_test.c/load_lua_dir : 410]: Found lua files in '/home/iar/testing_automation/LTF/selftest/tests/common', loading...
[01.12.26-00:19:33]: [ltf_test.c/load_lua_files : 388]: Loading Lua file /home/iar/testing_automation/LTF/selftest/tests/common/common.lua...
[01.12.26-00:19:33]: [modules/ltf/ltf.c/l_module_ltf_register_test : 57]: Registering new test...
[01.12.26-00:19:33]: [test_case.c/test_case_enqueue : 46]: Skipping test 'Test common LTF test' registration, no tag found.
[01.12.26-00:19:33]: [modules/ltf/ltf.c/l_module_ltf_register_test : 95]: Skipping test Test common LTF test
[01.12.26-00:19:33]: [ltf_test.c/load_lua_files : 396]: File /home/iar/testing_automation/LTF/selftest/tests/common/common.lua loaded successfully.
[01.12.26-00:19:33]: [ltf_test.c/load_lua_dir : 410]: Found lua files in '/home/iar/testing_automation/LTF/selftest/tests/bootstrap', loading...
[01.12.26-00:19:33]: [ltf_test.c/load_lua_files : 388]: Loading Lua file /home/iar/testing_automation/LTF/selftest/tests/bootstrap/module-http.lua...
[01.12.26-00:19:33]: [modules/ltf/ltf.c/l_module_ltf_register_test : 57]: Registering new test...
[01.12.26-00:19:33]: [test_case.c/test_case_enqueue : 46]: Skipping test 'Test HTTP POST request' registration, no tag found.
[01.12.26-00:19:33]: [modules/ltf/ltf.c/l_module_ltf_register_test : 95]: Skipping test Test HTTP POST request
[01.12.26-00:19:33]: [modules/ltf/ltf.c/l_module_ltf_register_test : 57]: Registering new test...
[01.12.26-00:19:33]: [test_case.c/test_case_enqueue : 46]: Skipping test 'Test HTTP GET request' registration, no tag found.
[01.12.26-00:19:33]: [modules/ltf/ltf.c/l_module_ltf_register_test : 95]: Skipping test Test HTTP GET request
[01.12.26-00:19:33]: [modules/ltf/ltf.c/l_module_ltf_register_test : 57]: Registering new test...
[01.12.26-00:19:33]: [test_case.c/test_case_enqueue : 46]: Skipping test 'Test HTTP DELETE request' registration, no tag found.
[01.12.26-00:19:33]: [modules/ltf/ltf.c/l_module_ltf_register_test : 95]: Skipping test Test HTTP DELETE request
[01.12.26-00:19:33]: [modules/ltf/ltf.c/l_module_ltf_register_test : 57]: Registering new test...
[01.12.26-00:19:33]: [test_case.c/test_case_enqueue : 46]: Skipping test 'Test HTTP PUT request' registration, no tag found.
[01.12.26-00:19:33]: [modules/ltf/ltf.c/l_module_ltf_register_test : 95]: Skipping test Test HTTP PUT request
[01.12.26-00:19:33]: [ltf_test.c/load_lua_files : 396]: File /home/iar/testing_automation/LTF/selftest/tests/bootstrap/module-http.lua loaded successfully.
[01.12.26-00:19:33]: [ltf_test.c/load_lua_files : 388]: Loading Lua file /home/iar/testing_automation/LTF/selftest/tests/bootstrap/module-json.lua...
[01.12.26-00:19:33]: [modules/ltf/ltf.c/l_module_ltf_register_test : 57]: Registering new test...
[01.12.26-00:19:33]: [test_case.c/test_case_enqueue : 46]: Skipping test 'Test JSON serialization' registration, no tag found.
[01.12.26-00:19:33]: [modules/ltf/ltf.c/l_module_ltf_register_test : 95]: Skipping test Test JSON serialization
[01.12.26-00:19:33]: [modules/ltf/ltf.c/l_module_ltf_register_test : 57]: Registering new test...
[01.12.26-00:19:33]: [test_case.c/test_case_enqueue : 46]: Skipping test 'Test JSON deserialization with good string' registration, no tag found.
[01.12.26-00:19:33]: [modules/ltf/ltf.c/l_module_ltf_register_test : 95]: Skipping test Test JSON deserialization with good string
[01.12.26-00:19:33]: [modules/ltf/ltf.c/l_module_ltf_register_test : 57]: Registering new test...
[01.12.26-00:19:33]: [test_case.c/test_case_enqueue : 46]: Skipping test 'Test JSON deserialization with bad string' registration, no tag found.
[01.12.26-00:19:33]: [modules/ltf/ltf.c/l_module_ltf_register_test : 95]: Skipping test Test JSON deserialization with bad string
[01.12.26-00:19:33]: [ltf_test.c/load_lua_files : 396]: File /home/iar/testing_automation/LTF/selftest/tests/bootstrap/module-json.lua loaded successfully.
[01.12.26-00:19:33]: [ltf_test.c/load_lua_files : 388]: Loading Lua file /home/iar/testing_automation/LTF/selftest/tests/bootstrap/module-proc.lua...
[01.12.26-00:19:33]: [modules/ltf/ltf.c/l_module_ltf_register_test : 57]: Registering new test...
[01.12.26-00:19:33]: [test_case.c/test_case_enqueue : 46]: Skipping test 'Test proc.run() existing binary' registration, no tag found.
[01.12.26-00:19:33]: [modules/ltf/ltf.c/l_module_ltf_register_test : 95]: Skipping test Test proc.run() existing binary
[01.12.26-00:19:33]: [modules/ltf/ltf.c/l_module_ltf_register_test : 57]: Registering new test...
[01.12.26-00:19:33]: [test_case.c/test_case_enqueue : 46]: Skipping test 'Test proc.run() non-existent binary' registration, no tag found.
[01.12.26-00:19:33]: [modules/ltf/ltf.c/l_module_ltf_register_test : 95]: Skipping test Test proc.run() non-existent binary
[01.12.26-00:19:33]: [modules/ltf/ltf.c/l_module_ltf_register_test : 57]: Registering new test...
[01.12.26-00:19:33]: [test_case.c/test_case_enqueue : 46]: Skipping test 'Test proc.run() with timeout not triggered' registration, no tag found.
[01.12.26-00:19:33]: [modules/ltf/ltf.c/l_module_ltf_register_test : 95]: Skipping test Test proc.run() with timeout not triggered
[01.12.26-00:19:33]: [modules/ltf/ltf.c/l_module_ltf_register_test : 57]: Registering new test...
[01.12.26-00:19:33]: [test_case.c/test_case_enqueue : 46]: Skipping test 'Test proc.run() with timeout triggered' registration, no tag found.
[01.12.26-00:19:33]: [modules/ltf/ltf.c/l_module_ltf_register_test : 95]: Skipping test Test proc.run() with timeout triggered
[01.12.26-00:19:33]: [modules/ltf/ltf.c/l_module_ltf_register_test : 57]: Registering new test...
[01.12.26-00:19:33]: [test_case.c/test_case_enqueue : 46]: Skipping test 'Test proc:wait()' registration, no tag found.
[01.12.26-00:19:33]: [modules/ltf/ltf.c/l_module_ltf_register_test : 95]: Skipping test Test proc:wait()
[01.12.26-00:19:33]: [modules/ltf/ltf.c/l_module_ltf_register_test : 57]: Registering new test...
[01.12.26-00:19:33]: [test_case.c/test_case_enqueue : 46]: Skipping test 'Test proc.spawn() with non-existent binary' registration, no tag found.
[01.12.26-00:19:33]: [modules/ltf/ltf.c/l_module_ltf_register_test : 95]: Skipping test Test proc.spawn() with non-existent binary
[01.12.26-00:19:33]: [modules/ltf/ltf.c/l_module_ltf_register_test : 57]: Registering new test...
[01.12.26-00:19:33]: [test_case.c/test_case_enqueue : 46]: Skipping test 'Test proc:read() stdio' registration, no tag found.
[01.12.26-00:19:33]: [modules/ltf/ltf.c/l_module_ltf_register_test : 95]: Skipping test Test proc:read() stdio
[01.12.26-00:19:33]: [modules/ltf/ltf.c/l_module_ltf_register_test : 57]: Registering new test...
[01.12.26-00:19:33]: [test_case.c/test_case_enqueue : 46]: Skipping test 'Test proc:read() stderr' registration, no tag found.
[01.12.26-00:19:33]: [modules/ltf/ltf.c/l_module_ltf_register_test : 95]: Skipping test Test proc:read() stderr
[01.12.26-00:19:33]: [ltf_test.c/load_lua_files : 396]: File /home/iar/testing_automation/LTF/selftest/tests/bootstrap/module-proc.lua loaded successfully.
[01.12.26-00:19:33]: [ltf_test.c/load_lua_files : 388]: Loading Lua file /home/iar/testing_automation/LTF/selftest/tests/bootstrap/module-ltf.lua...
[01.12.26-00:19:33]: [modules/ltf/ltf.c/l_module_ltf_register_test : 57]: Registering new test...
[01.12.26-00:19:33]: [test_case.c/test_case_enqueue : 46]: Skipping test 'Test logging with 'trace' log level' registration, no tag found.
[01.12.26-00:19:33]: [modules/ltf/ltf.c/l_module_ltf_register_test : 95]: Skipping test Test logging with 'trace' log level
[01.12.26-00:19:33]: [modules/ltf/ltf.c/l_module_ltf_register_test : 57]: Registering new test...
[01.12.26-00:19:33]: [test_case.c/test_case_enqueue : 46]: Skipping test 'Test logging with 'debug' log level' registration, no tag found.
[01.12.26-00:19:33]: [modules/ltf/ltf.c/l_module_ltf_register_test : 95]: Skipping test Test logging with 'debug' log level
[01.12.26-00:19:33]: [modules/ltf/ltf.c/l_module_ltf_register_test : 57]: Registering new test...
[01.12.26-00:19:33]: [test_case.c/test_case_enqueue : 46]: Skipping test 'Test logging with 'info' log level' registration, no tag found.
[01.12.26-00:19:33]: [modules/ltf/ltf.c/l_module_ltf_register_test : 95]: Skipping test Test logging with 'info' log level
[01.12.26-00:19:33]: [modules/ltf/ltf.c/l_module_ltf_register_test : 57]: Registering new test...
[01.12.26-00:19:33]: [test_case.c/test_case_enqueue : 46]: Skipping test 'Test logging with 'warning' log level' registration, no tag found.
[01.12.26-00:19:33]: [modules/ltf/ltf.c/l_module_ltf_register_test : 95]: Skipping test Test logging with 'warning' log level
[01.12.26-00:19:33]: [modules/ltf/ltf.c/l_module_ltf_register_test : 57]: Registering new test...
[01.12.26-00:19:33]: [test_case.c/test_case_enqueue : 46]: Skipping test 'Test logging with 'error' log level' registration, no tag found.
[01.12.26-00:19:33]: [modules/ltf/ltf.c/l_module_ltf_register_test : 95]: Skipping test Test logging with 'error' log level
[01.12.26-00:19:33]: [modules/ltf/ltf.c/l_module_ltf_register_test : 57]: Registering new test...
[01.12.26-00:19:33]: [test_case.c/test_case_enqueue : 46]: Skipping test 'Test logging with 'critical' log level ('CRITICAL')' registration, no tag found.
[01.12.26-00:19:33]: [modules/ltf/ltf.c/l_module_ltf_register_test : 95]: Skipping test Test logging with 'critical' log level ('CRITICAL')
[01.12.26-00:19:33]: [modules/ltf/ltf.c/l_module_ltf_register_test : 57]: Registering new test...
[01.12.26-00:19:33]: [test_case.c/test_case_enqueue : 46]: Skipping test 'Test logging with 'critical' log level ('critical')' registration, no tag found.
[01.12.26-00:19:33]: [modules/ltf/ltf.c/l_module_ltf_register_test : 95]: Skipping test Test logging with 'critical' log level ('critical')
[01.12.26-00:19:33]: [modules/ltf/ltf.c/l_module_ltf_register_test : 57]: Registering new test...
[01.12.26-00:19:33]: [test_case.c/test_case_enqueue : 46]: Skipping test 'Test logging with 'critical' log level ('C')' registration, no tag found.
[01.12.26-00:19:33]: [modules/ltf/ltf.c/l_module_ltf_register_test : 95]: Skipping test Test logging with 'critical' log level ('C')
[01.12.26-00:19:33]: [modules/ltf/ltf.c/l_module_ltf_register_test : 57]: Registering new test...
[01.12.26-00:19:33]: [test_case.c/test_case_enqueue : 46]: Skipping test 'Test logging with 'critical' log level ('c')' registration, no tag found.
[01.12.26-00:19:33]: [modules/ltf/ltf.c/l_module_ltf_register_test : 95]: Skipping test Test logging with 'critical' log level ('c')
[01.12.26-00:19:33]: [modules/ltf/ltf.c/l_module_ltf_register_test : 57]: Registering new test...
[01.12.26-00:19:33]: [test_case.c/test_case_enqueue : 46]: Skipping test 'Test logging with 'critical' log level ('ltf.log_critical')' registration, no tag found.
[01.12.26-00:19:33]: [modules/ltf/ltf.c/l_module_ltf_register_test : 95]: Skipping test Test logging with 'critical' log level ('ltf.log_critical')
[01.12.26-00:19:33]: [modules/ltf/ltf.c/l_module_ltf_register_test : 57]: Registering new test...
[01.12.26-00:19:33]: [test_case.c/test_case_enqueue : 46]: Skipping test 'Test logging with incorrect log level' registration, no tag found.
[01.12.26-00:19:33]: [modules/ltf/ltf.c/l_module_ltf_register_test : 95]: Skipping test Test logging with incorrect log level
[01.12.26-00:19:33]: [modules/ltf/ltf.c/l_module_ltf_register_test : 57]: Registering new test...
[01.12.26-00:19:33]: [test_case.c/test_case_enqueue : 46]: Skipping test 'Test logging with multiple arguments' registration, no tag found.
[01.12.26-00:19:33]: [modules/ltf/ltf.c/l_module_ltf_register_test : 95]: Skipping test Test logging with multiple arguments
[01.12.26-00:19:33]: [modules/ltf/ltf.c/l_module_ltf_register_test : 57]: Registering new test...
[01.12.26-00:19:33]: [test_case.c/test_case_enqueue : 46]: Skipping test 'Test Lua's 'print' is forwarded to logging with INFO log level' registration, no tag found.
[01.12.26-00:19:33]: [modules/ltf/ltf.c/l_module_ltf_register_test : 95]: Skipping test Test Lua's 'print' is forwarded to logging with INFO log level
[01.12.26-00:19:33]: [modules/ltf/ltf.c/l_module_ltf_register_test : 57]: Registering new test...
[01.12.26-00:19:33]: [test_case.c/test_case_enqueue : 46]: Skipping test 'Test ltf.sleep' registration, no tag found.
[01.12.26-00:19:33]: [modules/ltf/ltf.c/l_module_ltf_register_test : 95]: Skipping test Test ltf.sleep
[01.12.26-00:19:33]: [modules/ltf/ltf.c/l_module_ltf_register_test : 57]: Registering new test...
[01.12.26-00:19:33]: [test_case.c/test_case_enqueue : 46]: Skipping test 'Test ltf.get_current_target' registration, no tag found.
[01.12.26-00:19:33]: [modules/ltf/ltf.c/l_module_ltf_register_test : 95]: Skipping test Test ltf.get_current_target
[01.12.26-00:19:33]: [modules/ltf/ltf.c/l_module_ltf_register_test : 57]: Registering new test...
[01.12.26-00:19:33]: [test_case.c/test_case_enqueue : 46]: Skipping test 'Test ltf.defer' registration, no tag found.
[01.12.26-00:19:33]: [modules/ltf/ltf.c/l_module_ltf_register_test : 95]: Skipping test Test ltf.defer
[01.12.26-00:19:33]: [modules/ltf/ltf.c/l_module_ltf_register_test : 57]: Registering new test...
[01.12.26-00:19:33]: [test_case.c/test_case_enqueue : 46]: Skipping test 'Test ltf.millis' registration, no tag found.
[01.12.26-00:19:33]: [modules/ltf/ltf.c/l_module_ltf_register_test : 95]: Skipping test Test ltf.millis
[01.12.26-00:19:33]: [modules/ltf/ltf.c/l_module_ltf_register_test : 57]: Registering new test...
[01.12.26-00:19:33]: [test_case.c/test_case_enqueue : 46]: Skipping test 'Test ltf.get_active_tags' registration, no tag found.
[01.12.26-00:19:33]: [modules/ltf/ltf.c/l_module_ltf_register_test : 95]: Skipping test Test ltf.get_active_tags
[01.12.26-00:19:33]: [modules/ltf/ltf.c/l_module_ltf_register_test : 57]: Registering new test...
[01.12.26-00:19:33]: [test_case.c/test_case_enqueue : 46]: Skipping test 'Test ltf.get_active_test_tags' registration, no tag found.
[01.12.26-00:19:33]: [modules/ltf/ltf.c/l_module_ltf_register_test : 95]: Skipping test Test ltf.get_active_test_tags
[01.12.26-00:19:33]: [modules/ltf/ltf.c/l_module_ltf_register_test : 57]: Registering new test...
[01.12.26-00:19:33]: [test_case.c/test_case_enqueue : 46]: Skipping test 'Test description' registration, no tag found.
[01.12.26-00:19:33]: [modules/ltf/ltf.c/l_module_ltf_register_test : 95]: Skipping test Test description
[01.12.26-00:19:33]: [modules/ltf/ltf.c/l_module_ltf_register_test : 57]: Registering new test...
[01.12.26-00:19:33]: [test_case.c/test_case_enqueue : 46]: Skipping test 'Test ltf.get_secret' registration, no tag found.
[01.12.26-00:19:33]: [modules/ltf/ltf.c/l_module_ltf_register_test : 95]: Skipping test Test ltf.get_secret
[01.12.26-00:19:33]: [modules/ltf/ltf.c/l_module_ltf_register_test : 57]: Registering new test...
[01.12.26-00:19:33]: [test_case.c/test_case_enqueue : 46]: Skipping test 'Test ltf.get_secrets' registration, no tag found.
[01.12.26-00:19:33]: [modules/ltf/ltf.c/l_module_ltf_register_test : 95]: Skipping test Test ltf.get_secrets
[01.12.26-00:19:33]: [modules/ltf/ltf.c/l_module_ltf_register_test : 57]: Registering new test...
[01.12.26-00:19:33]: [test_case.c/test_case_enqueue : 46]: Skipping test 'Test ltf.get_var' registration, no tag found.
[01.12.26-00:19:33]: [modules/ltf/ltf.c/l_module_ltf_register_test : 95]: Skipping test Test ltf.get_var
[01.12.26-00:19:33]: [modules/ltf/ltf.c/l_module_ltf_register_test : 57]: Registering new test...
[01.12.26-00:19:33]: [test_case.c/test_case_enqueue : 46]: Skipping test 'Test ltf.get_var (unknown)' registration, no tag found.
[01.12.26-00:19:33]: [modules/ltf/ltf.c/l_module_ltf_register_test : 95]: Skipping test Test ltf.get_var (unknown)
[01.12.26-00:19:33]: [modules/ltf/ltf.c/l_module_ltf_register_test : 57]: Registering new test...
[01.12.26-00:19:33]: [test_case.c/test_case_enqueue : 46]: Skipping test 'Test ltf.get_var_number' registration, no tag found.
[01.12.26-00:19:33]: [modules/ltf/ltf.c/l_module_ltf_register_test : 95]: Skipping test Test ltf.get_var_number
[01.12.26-00:19:33]: [modules/ltf/ltf.c/l_module_ltf_register_test : 57]: Registering new test...
[01.12.26-00:19:33]: [test_case.c/test_case_enqueue : 46]: Skipping test 'Test ltf.get_var_number (non-number)' registration, no tag found.
[01.12.26-00:19:33]: [modules/ltf/ltf.c/l_module_ltf_register_test : 95]: Skipping test Test ltf.get_var_number (non-number)
[01.12.26-00:19:33]: [modules/ltf/ltf.c/l_module_ltf_register_test : 57]: Registering new test...
[01.12.26-00:19:33]: [test_case.c/test_case_enqueue : 46]: Skipping test 'Test ltf.get_var_number (unknown)' registration, no tag found.
[01.12.26-00:19:33]: [modules/ltf/ltf.c/l_module_ltf_register_test : 95]: Skipping test Test ltf.get_var_number (unknown)
[01.12.26-00:19:33]: [modules/ltf/ltf.c/l_module_ltf_register_test : 57]: Registering new test...
[01.12.26-00:19:33]: [test_case.c/test_case_enqueue : 46]: Skipping test 'Test ltf.get_vars' registration, no tag found.
[01.12.26-00:19:33]: [modules/ltf/ltf.c/l_module_ltf_register_test : 95]: Skipping test Test ltf.get_vars
[01.12.26-00:19:33]: [ltf_test.c/load_lua_files : 396]: File /home/iar/testing_automation/LTF/selftest/tests/bootstrap/module-ltf.lua loaded successfully.
[01.12.26-00:19:33]: [ltf_test.c/load_lua_files : 388]: Loading Lua file /home/iar/testing_automation/LTF/selftest/tests/bootstrap/module-util.lua...
[01.12.26-00:19:33]: [modules/ltf/ltf.c/l_module_ltf_register_test : 57]: Registering new test...
[01.12.26-00:19:33]: [test_case.c/test_case_enqueue : 46]: Skipping test 'Test util.file_info (file)' registration, no tag found.
[01.12.26-00:19:33]: [modules/ltf/ltf.c/l_module_ltf_register_test : 95]: Skipping test Test util.file_info (file)
[01.12.26-00:19:33]: [modules/ltf/ltf.c/l_module_ltf_register_test : 57]: Registering new test...
[01.12.26-00:19:33]: [test_case.c/test_case_enqueue : 46]: Skipping test 'Test util.file_info (directory)' registration, no tag found.
[01.12.26-00:19:33]: [modules/ltf/ltf.c/l_module_ltf_register_test : 95]: Skipping test Test util.file_info (directory)
[01.12.26-00:19:33]: [modules/ltf/ltf.c/l_module_ltf_register_test : 57]: Registering new test...
[01.12.26-00:19:33]: [test_case.c/test_case_enqueue : 46]: Skipping test 'Test util.file_info (symlink)' registration, no tag found.
[01.12.26-00:19:33]: [modules/ltf/ltf.c/l_module_ltf_register_test : 95]: Skipping test Test util.file_info (symlink)
[01.12.26-00:19:33]: [modules/ltf/ltf.c/l_module_ltf_register_test : 57]: Registering new test...
[01.12.26-00:19:33]: [test_case.c/test_case_enqueue : 46]: Skipping test 'Test util.file_info (no file present)' registration, no tag found.
[01.12.26-00:19:33]: [modules/ltf/ltf.c/l_module_ltf_register_test : 95]: Skipping test Test util.file_info (no file present)
[01.12.26-00:19:33]: [modules/ltf/ltf.c/l_module_ltf_register_test : 57]: Registering new test...
[01.12.26-00:19:33]: [test_case.c/test_case_enqueue : 46]: Skipping test 'Test util.resolve_symlink' registration, no tag found.
[01.12.26-00:19:33]: [modules/ltf/ltf.c/l_module_ltf_register_test : 95]: Skipping test Test util.resolve_symlink
[01.12.26-00:19:33]: [modules/ltf/ltf.c/l_module_ltf_register_test : 57]: Registering new test...
[01.12.26-00:19:33]: [test_case.c/test_case_enqueue : 46]: Skipping test 'Test util.resolve_symlink (no file present)' registration, no tag found.
[01.12.26-00:19:33]: [modules/ltf/ltf.c/l_module_ltf_register_test : 95]: Skipping test Test util.resolve_symlink (no file present)
[01.12.26-00:19:33]: [ltf_test.c/load_lua_files : 396]: File /home/iar/testing_automation/LTF/selftest/tests/bootstrap/module-util.lua loaded successfully.
[01.12.26-00:19:33]: [ltf_test.c/load_lua_files : 388]: Loading Lua file /home/iar/testing_automation/LTF/selftest/tests/bootstrap/module-serial.lua...
[01.12.26-00:19:33]: [modules/ltf/ltf.c/l_module_ltf_register_test : 57]: Registering new test...
[01.12.26-00:19:33]: [test_case.c/test_case_enqueue : 46]: Skipping test 'Test serial.list_devices' registration, no tag found.
[01.12.26-00:19:33]: [modules/ltf/ltf.c/l_module_ltf_register_test : 95]: Skipping test Test serial.list_devices
[01.12.26-00:19:33]: [modules/ltf/ltf.c/l_module_ltf_register_test : 57]: Registering new test...
[01.12.26-00:19:33]: [test_case.c/test_case_enqueue : 46]: Skipping test 'Test serial.get_port (existing)' registration, no tag found.
[01.12.26-00:19:33]: [modules/ltf/ltf.c/l_module_ltf_register_test : 95]: Skipping test Test serial.get_port (existing)
[01.12.26-00:19:33]: [modules/ltf/ltf.c/l_module_ltf_register_test : 57]: Registering new test...
[01.12.26-00:19:33]: [test_case.c/test_case_enqueue : 46]: Skipping test 'Test serial.get_port (non-existing)' registration, no tag found.
[01.12.26-00:19:33]: [modules/ltf/ltf.c/l_module_ltf_register_test : 95]: Skipping test Test serial.get_port (non-existing)
[01.12.26-00:19:33]: [modules/ltf/ltf.c/l_module_ltf_register_test : 57]: Registering new test...
[01.12.26-00:19:33]: [test_case.c/test_case_enqueue : 46]: Skipping test 'Test serial_port:open' registration, no tag found.
[01.12.26-00:19:33]: [modules/ltf/ltf.c/l_module_ltf_register_test : 95]: Skipping test Test serial_port:open
[01.12.26-00:19:33]: [modules/ltf/ltf.c/l_module_ltf_register_test : 57]: Registering new test...
[01.12.26-00:19:33]: [test_case.c/test_case_enqueue : 46]: Skipping test 'Test serial communication' registration, no tag found.
[01.12.26-00:19:33]: [modules/ltf/ltf.c/l_module_ltf_register_test : 95]: Skipping test Test serial communication
[01.12.26-00:19:33]: [modules/ltf/ltf.c/l_module_ltf_register_test : 57]: Registering new test...
[01.12.26-00:19:33]: [test_case.c/test_case_enqueue : 46]: Skipping test 'Test serial_port:get_info (port closed)' registration, no tag found.
[01.12.26-00:19:33]: [modules/ltf/ltf.c/l_module_ltf_register_test : 95]: Skipping test Test serial_port:get_info (port closed)
[01.12.26-00:19:33]: [modules/ltf/ltf.c/l_module_ltf_register_test : 57]: Registering new test...
[01.12.26-00:19:33]: [test_case.c/test_case_enqueue : 46]: Skipping test 'Test serial_port:get_info (port opened)' registration, no tag found.
[01.12.26-00:19:33]: [modules/ltf/ltf.c/l_module_ltf_register_test : 95]: Skipping test Test serial_port:get_info (port opened)
[01.12.26-00:19:33]: [ltf_test.c/load_lua_files : 396]: File /home/iar/testing_automation/LTF/selftest/tests/bootstrap/module-serial.lua loaded successfully.
[01.12.26-00:19:33]: [ltf_test.c/load_lua_files : 388]: Loading Lua file /home/iar/testing_automation/LTF/selftest/tests/bootstrap/module-ssh.lua...
[01.12.26-00:19:33]: [modules/ltf/ltf.c/l_module_ltf_register_test : 57]: Registering new test...
[01.12.26-00:19:33]: [test_case.c/test_case_enqueue : 69]: Adding test 'Test SSH exec channel (success)' to the queue
[01.12.26-00:19:33]: [modules/ltf/ltf.c/l_module_ltf_register_test : 93]: Successfully registered new test Test SSH exec channel (success)
[01.12.26-00:19:33]: [modules/ltf/ltf.c/l_module_ltf_register_test : 57]: Registering new test...
[01.12.26-00:19:33]: [test_case.c/test_case_enqueue : 69]: Adding test 'Test SSH exec channel (failure)' to the queue
[01.12.26-00:19:33]: [modules/ltf/ltf.c/l_module_ltf_register_test : 93]: Successfully registered new test Test SSH exec channel (failure)
[01.12.26-00:19:33]: [modules/ltf/ltf.c/l_module_ltf_register_test : 57]: Registering new test...
[01.12.26-00:19:33]: [test_case.c/test_case_enqueue : 69]: Adding test 'Test SSH shell channel' to the queue
[01.12.26-00:19:33]: [modules/ltf/ltf.c/l_module_ltf_register_test : 93]: Successfully registered new test Test SSH shell channel
[01.12.26-00:19:33]: [modules/ltf/ltf.c/l_module_ltf_register_test : 57]: Registering new test...
[01.12.26-00:19:33]: [test_case.c/test_case_enqueue : 69]: Adding test 'Test SFTP file transfer' to the queue
[01.12.26-00:19:33]: [modules/ltf/ltf.c/l_module_ltf_register_test : 93]: Successfully registered new test Test SFTP file transfer
[01.12.26-00:19:33]: [ltf_test.c/load_lua_files : 396]: File /home/iar/testing_automation/LTF/selftest/tests/bootstrap/module-ssh.lua loaded successfully.
[01.12.26-00:19:33]: [ltf_test.c/load_lua_files : 388]: Loading Lua file /home/iar/testing_automation/LTF/selftest/tests/bootstrap/module-webdriver.lua...
[01.12.26-00:19:33]: [modules/ltf/ltf.c/l_module_ltf_register_test : 57]: Registering new test...
[01.12.26-00:19:33]: [test_case.c/test_case_enqueue : 46]: Skipping test 'Test page navigation' registration, no tag found.
[01.12.26-00:19:33]: [modules/ltf/ltf.c/l_module_ltf_register_test : 95]: Skipping test Test page navigation
[01.12.26-00:19:33]: [modules/ltf/ltf.c/l_module_ltf_register_test : 57]: Registering new test...
[01.12.26-00:19:33]: [test_case.c/test_case_enqueue : 46]: Skipping test 'Test elements find and interaction' registration, no tag found.
[01.12.26-00:19:33]: [modules/ltf/ltf.c/l_module_ltf_register_test : 95]: Skipping test Test elements find and interaction
[01.12.26-00:19:33]: [ltf_test.c/load_lua_files : 396]: File /home/iar/testing_automation/LTF/selftest/tests/bootstrap/module-webdriver.lua loaded successfully.
[01.12.26-00:19:33]: [test_logs.c/ltf_log_init : 152]: Starting LTF test logging...
[01.12.26-00:19:33]: [test_logs.c/ltf_log_init : 159]: Log level: INFO
[01.12.26-00:19:33]: [test_logs.c/ltf_log_init : 168]: Logs directory path: /home/iar/testing_automation/LTF/selftest/logs/bootstrap
[01.12.26-00:19:33]: [test_logs.c/ltf_log_init : 187]: Raw log path: /home/iar/testing_automation/LTF/selftest/logs/bootstrap/test_run_01.12.26-00:19:33_raw.json
[01.12.26-00:19:33]: [test_logs.c/ltf_log_init : 196]: Output log path: /home/iar/testing_automation/LTF/selftest/logs/bootstrap/test_run_01.12.26-00:19:33_output.log
[01.12.26-00:19:33]: [test_logs.c/ltf_log_init : 204]: Created output log file.
[01.12.26-00:19:33]: [test_logs.c/ltf_log_init : 216]: Successfully started LTF test logging.
[01.12.26-00:19:33]: [ltf_hooks.c/ltf_hooks_init : 49]: Initializing LTF hooks...
[01.12.26-00:19:33]: [ltf_hooks.c/ltf_hooks_init : 63]: Successfully initialized LTF hooks.
[01.12.26-00:19:33]: [ltf_test.c/load_lua_dir : 410]: Found lua files in '/home/iar/testing_automation/LTF/selftest/hooks', loading...
[01.12.26-00:19:33]: [ltf_test.c/load_lua_files : 388]: Loading Lua file /home/iar/testing_automation/LTF/selftest/hooks/hooks.lua...
[01.12.26-00:19:33]: [modules/hooks/ltf-hooks.c/register_hook : 9]: Registering hook with type 0...
[01.12.26-00:19:33]: [ltf_hooks.c/ltf_hooks_add_to_queue : 67]: Adding hook with type 0 and ref 8
[01.12.26-00:19:33]: [ltf_hooks.c/ltf_hooks_add_to_queue : 70]: Successfully added hook.
[01.12.26-00:19:33]: [modules/hooks/ltf-hooks.c/register_hook : 24]: Successfully registered hook with type 0.
[01.12.26-00:19:33]: [modules/hooks/ltf-hooks.c/register_hook : 9]: Registering hook with type 1...
[01.12.26-00:19:33]: [ltf_hooks.c/ltf_hooks_add_to_queue : 67]: Adding hook with type 1 and ref 9
[01.12.26-00:19:33]: [ltf_hooks.c/ltf_hooks_add_to_queue : 70]: Successfully added hook.
[01.12.26-00:19:33]: [modules/hooks/ltf-hooks.c/register_hook : 24]: Successfully registered hook with type 1.
[01.12.26-00:19:33]: [modules/hooks/ltf-hooks.c/register_hook : 9]: Registering hook with type 2...
[01.12.26-00:19:33]: [ltf_hooks.c/ltf_hooks_add_to_queue : 67]: Adding hook with type 2 and ref 10
[01.12.26-00:19:33]: [ltf_hooks.c/ltf_hooks_add_to_queue : 70]: Successfully added hook.
[01.12.26-00:19:33]: [modules/hooks/ltf-hooks.c/register_hook : 24]: Successfully registered hook with type 2.
[01.12.26-00:19:33]: [modules/hooks/ltf-hooks.c/register_hook : 9]: Registering hook with type 3...
[01.12.26-00:19:33]: [ltf_hooks.c/ltf_hooks_add_to_queue : 67]: Adding hook with type 3 and ref 11
[01.12.26-00:19:33]: [ltf_hooks.c/ltf_hooks_add_to_queue : 70]: Successfully added hook.
[01.12.26-00:19:33]: [modules/hooks/ltf-hooks.c/register_hook : 24]: Successfully registered hook with type 3.
[01.12.26-00:19:33]: [ltf_test.c/load_lua_files : 396]: File /home/iar/testing_automation/LTF/selftest/hooks/hooks.lua loaded successfully.
[01.12.26-00:19:33]: [ltf_tui.c/ltf_tui_init : 659]: Start TUI init
[01.12.26-00:19:33]: [ltf_test.c/ltf_test : 579]: Enabling line hook...
[01.12.26-00:19:33]: [ltf_test.c/run_all_tests : 162]: Running tests...
[01.12.26-00:19:33]: [ltf_test.c/run_all_tests : 168]: Test amount: 4
[01.12.26-00:19:33]: [ltf_hooks.c/ltf_hooks_run : 288]: Running all hooks with type 0...
[01.12.26-00:19:33]: [ltf_hooks.c/ltf_hooks_run : 300]: Running hook with type 0 and ref 8
[01.12.26-00:19:33]: [modules/ltf/ltf.c/l_module_ltf_log : 448]: Invoked ltf-main log...
[01.12.26-00:19:33]: [modules/ltf/ltf.c/log_helper : 384]: Constructing log message buffer with 3 arguments...
[01.12.26-00:19:33]: [modules/ltf/ltf.c/log_helper : 411]: Final message string: Hook test run started
[01.12.26-00:19:33]: [modules/ltf/ltf.c/log_helper : 419]: Parent caller detected.
[01.12.26-00:19:33]: [modules/ltf/ltf.c/log_helper : 428]: File: /home/iar/testing_automation/LTF/selftest/hooks/hooks.lua, line: 12
[01.12.26-00:19:33]: [modules/ltf/ltf.c/l_module_ltf_log : 465]: Successfully finished ltf-main log.
[01.12.26-00:19:33]: [ltf_hooks.c/ltf_hooks_run : 310]: Successfully ran hook with type 0 and ref 8
[01.12.26-00:19:33]: [ltf_hooks.c/ltf_hooks_run : 314]: Successfully ran all hooks with type 0.
[01.12.26-00:19:33]: [test_logs.c/ltf_log_test_started : 60]: Wrote to output log file
[01.12.26-00:19:33]: [ltf_hooks.c/ltf_hooks_run : 288]: Running all hooks with type 1...
[01.12.26-00:19:33]: [ltf_hooks.c/ltf_hooks_run : 300]: Running hook with type 1 and ref 9
[01.12.26-00:19:33]: [modules/ltf/ltf.c/l_module_ltf_log : 448]: Invoked ltf-main log...
[01.12.26-00:19:33]: [modules/ltf/ltf.c/log_helper : 384]: Constructing log message buffer with 3 arguments...
[01.12.26-00:19:33]: [modules/ltf/ltf.c/log_helper : 411]: Final message string: Hook test started
[01.12.26-00:19:33]: [modules/ltf/ltf.c/log_helper : 419]: Parent caller detected.
[01.12.26-00:19:33]: [modules/ltf/ltf.c/log_helper : 428]: File: /home/iar/testing_automation/LTF/selftest/hooks/hooks.lua, line: 17
[01.12.26-00:19:33]: [modules/ltf/ltf.c/l_module_ltf_log : 465]: Successfully finished ltf-main log.
[01.12.26-00:19:33]: [ltf_hooks.c/ltf_hooks_run : 310]: Successfully ran hook with type 1 and ref 9
[01.12.26-00:19:33]: [ltf_hooks.c/ltf_hooks_run : 314]: Successfully ran all hooks with type 1.
[01.12.26-00:19:33]: [ltf_test.c/run_all_tests : 185]: Setting up error handler...
[01.12.26-00:19:33]: [ltf_test.c/run_all_tests : 188]: Error handler index: 3
[01.12.26-00:19:33]: [ltf_test.c/run_all_tests : 190]: Pushing test body with index 4...
[01.12.26-00:19:33]: [ltf_test.c/run_all_tests : 199]: Resetting ltf.millis...
[01.12.26-00:19:33]: [ltf_test.c/run_all_tests : 202]: Executing test 'Test SSH exec channel (success)'...
[01.12.26-00:19:33]: [modules/ltf/ltf.c/l_module_ltf_defer : 104]: Adding new defer to defer queue...
[01.12.26-00:19:33]: [modules/ltf/ltf.c/l_module_ltf_defer : 108]: Amount of arguments: 1
[01.12.26-00:19:33]: [modules/ltf/ltf.c/l_module_ltf_defer : 114]: Defer queue is nil, creating new one...
[01.12.26-00:19:33]: [modules/ltf/ltf.c/l_module_ltf_defer : 119]: Successfully created new defer queue.
[01.12.26-00:19:33]: [modules/ltf/ltf.c/l_module_ltf_defer : 123]: Pushing defer to defer queue...
[01.12.26-00:19:33]: [modules/ltf/ltf.c/l_module_ltf_defer : 133]: Successfully added new defer to defer queue.
[01.12.26-00:19:37]: [ltf_test.c/run_all_tests : 204]: Finished executing test 'Test SSH exec channel (success)', status: 2
[01.12.26-00:19:37]: [ltf_test.c/run_all_tests : 212]: Test 'Test SSH exec channel (success)' traceback: ...g_automation/LTF/selftest/tests/bootstrap/module-ssh.lua:16: libssh2_userauth failed with code: AUTHENTICATION_FAILED
stack traceback:
	[C]: in method 'connect'
	...g_automation/LTF/selftest/tests/bootstrap/module-ssh.lua:16: in upvalue 'new_session'
	...g_automation/LTF/selftest/tests/bootstrap/module-ssh.lua:25: in function <...g_automation/LTF/selftest/tests/bootstrap/module-ssh.lua:24>
[01.12.26-00:19:37]: [ltf_test.c/run_all_tests : 227]: Popping error handler...
[01.12.26-00:19:37]: [test_logs.c/ltf_log_test_finished : 73]: Wrote to output log file
[01.12.26-00:19:37]: [ltf_test.c/run_deferred : 80]: Running deferred test queue...
[01.12.26-00:19:37]: [test_logs.c/ltf_log_defer_queue_started : 80]: Wrote to output log file
[01.12.26-00:19:37]: [ltf_test.c/run_deferred : 96]: Setting up error handler...
[01.12.26-00:19:37]: [ltf_test.c/run_deferred : 99]: Error handler index: 4
[01.12.26-00:19:37]: [ltf_test.c/run_deferred : 111]: Argcount is 0, pushing status 'failed'...
[01.12.26-00:19:37]: [ltf_test.c/run_deferred : 116]: Executing defer 1 with argcount 1...
[01.12.26-00:19:37]: [ltf_test.c/run_deferred : 118]: Executed defer 1, status: 0
[01.12.26-00:19:37]: [test_logs.c/ltf_log_defer_queue_finished : 86]: Wrote to output log file
[01.12.26-00:19:37]: [ltf_test.c/run_deferred : 146]: Clearing defer list...
[01.12.26-00:19:37]: [ltf_test.c/run_deferred : 149]: Defer list cleared.
[01.12.26-00:19:37]: [ltf_test.c/run_deferred : 151]: Finished running defer queue.
[01.12.26-00:19:37]: [ltf_hooks.c/ltf_hooks_run : 288]: Running all hooks with type 2...
[01.12.26-00:19:37]: [ltf_hooks.c/ltf_hooks_run : 300]: Running hook with type 2 and ref 10
[01.12.26-00:19:37]: [modules/ltf/ltf.c/l_module_ltf_log : 448]: Invoked ltf-main log...
[01.12.26-00:19:37]: [modules/ltf/ltf.c/log_helper : 384]: Constructing log message buffer with 3 arguments...
[01.12.26-00:19:37]: [modules/ltf/ltf.c/log_helper : 411]: Final message string: Hook testfinished
[01.12.26-00:19:37]: [modules/ltf/ltf.c/log_helper : 419]: Parent caller detected.
[01.12.26-00:19:37]: [modules/ltf/ltf.c/log_helper : 428]: File: /home/iar/testing_automation/LTF/selftest/hooks/hooks.lua, line: 23
[01.12.26-00:19:37]: [modules/ltf/ltf.c/l_module_ltf_log : 465]: Successfully finished ltf-main log.
[01.12.26-00:19:37]: [ltf_hooks.c/ltf_hooks_run : 310]: Successfully ran hook with type 2 and ref 10
[01.12.26-00:19:37]: [ltf_hooks.c/ltf_hooks_run : 314]: Successfully ran all hooks with type 2.
[01.12.26-00:19:37]: [test_logs.c/ltf_log_test_started : 60]: Wrote to output log file
[01.12.26-00:19:37]: [ltf_hooks.c/ltf_hooks_run : 288]: Running all hooks with type 1...
[01.12.26-00:19:37]: [ltf_hooks.c/ltf_hooks_run : 300]: Running hook with type 1 and ref 9
[01.12.26-00:19:37]: [modules/ltf/ltf.c/l_module_ltf_log : 448]: Invoked ltf-main log...
[01.12.26-00:19:37]: [modules/ltf/ltf.c/log_helper : 384]: Constructing log message buffer with 3 arguments...
[01.12.26-00:19:37]: [modules/ltf/ltf.c/log_helper : 411]: Final message string: Hook test started
[01.12.26-00:19:37]: [modules/ltf/ltf.c/log_helper : 419]: Parent caller detected.
[01.12.26-00:19:37]: [modules/ltf/ltf.c/log_helper : 428]: File: /home/iar/testing_automation/LTF/selftest/hooks/hooks.lua, line: 17
[01.12.26-00:19:37]: [modules/ltf/ltf.c/l_module_ltf_log : 465]: Successfully finished ltf-main log.
[01.12.26-00:19:37]: [ltf_hooks.c/ltf_hooks_run : 310]: Successfully ran hook with type 1 and ref 9
[01.12.26-00:19:37]: [ltf_hooks.c/ltf_hooks_run : 314]: Successfully ran all hooks with type 1.
[01.12.26-00:19:37]: [ltf_test.c/run_all_tests : 185]: Setting up error handler...
[01.12.26-00:19:37]: [ltf_test.c/run_all_tests : 188]: Error handler index: 5
[01.12.26-00:19:37]: [ltf_test.c/run_all_tests : 190]: Pushing test body with index 5...
[01.12.26-00:19:37]: [ltf_test.c/run_all_tests : 199]: Resetting ltf.millis...
[01.12.26-00:19:37]: [ltf_test.c/run_all_tests : 202]: Executing test 'Test SSH exec channel (failure)'...
[01.12.26-00:19:37]: [modules/ltf/ltf.c/l_module_ltf_defer : 104]: Adding new defer to defer queue...
[01.12.26-00:19:37]: [modules/ltf/ltf.c/l_module_ltf_defer : 108]: Amount of arguments: 1
[01.12.26-00:19:37]: [modules/ltf/ltf.c/l_module_ltf_defer : 114]: Defer queue is nil, creating new one...
[01.12.26-00:19:37]: [modules/ltf/ltf.c/l_module_ltf_defer : 119]: Successfully created new defer queue.
[01.12.26-00:19:37]: [modules/ltf/ltf.c/l_module_ltf_defer : 123]: Pushing defer to defer queue...
[01.12.26-00:19:37]: [modules/ltf/ltf.c/l_module_ltf_defer : 133]: Successfully added new defer to defer queue.
[01.12.26-00:19:41]: [ltf_test.c/run_all_tests : 204]: Finished executing test 'Test SSH exec channel (failure)', status: 2
[01.12.26-00:19:41]: [ltf_test.c/run_all_tests : 212]: Test 'Test SSH exec channel (failure)' traceback: ...g_automation/LTF/selftest/tests/bootstrap/module-ssh.lua:16: libssh2_userauth failed with code: AUTHENTICATION_FAILED
stack traceback:
	[C]: in method 'connect'
	...g_automation/LTF/selftest/tests/bootstrap/module-ssh.lua:16: in upvalue 'new_session'
	...g_automation/LTF/selftest/tests/bootstrap/module-ssh.lua:45: in function <...g_automation/LTF/selftest/tests/bootstrap/module-ssh.lua:44>
[01.12.26-00:19:41]: [ltf_test.c/run_all_tests : 227]: Popping error handler...
[01.12.26-00:19:41]: [test_logs.c/ltf_log_test_finished : 73]: Wrote to output log file
[01.12.26-00:19:41]: [ltf_test.c/run_deferred : 80]: Running deferred test queue...
[01.12.26-00:19:41]: [test_logs.c/ltf_log_defer_queue_started : 80]: Wrote to output log file
[01.12.26-00:19:41]: [ltf_test.c/run_deferred : 96]: Setting up error handler...
[01.12.26-00:19:41]: [ltf_test.c/run_deferred : 99]: Error handler index: 6
[01.12.26-00:19:41]: [ltf_test.c/run_deferred : 111]: Argcount is 0, pushing status 'failed'...
[01.12.26-00:19:41]: [ltf_test.c/run_deferred : 116]: Executing defer 1 with argcount 1...
[01.12.26-00:19:41]: [ltf_test.c/run_deferred : 118]: Executed defer 1, status: 0
[01.12.26-00:19:41]: [test_logs.c/ltf_log_defer_queue_finished : 86]: Wrote to output log file
[01.12.26-00:19:41]: [ltf_test.c/run_deferred : 146]: Clearing defer list...
[01.12.26-00:19:41]: [ltf_test.c/run_deferred : 149]: Defer list cleared.
[01.12.26-00:19:41]: [ltf_test.c/run_deferred : 151]: Finished running defer queue.
[01.12.26-00:19:41]: [ltf_hooks.c/ltf_hooks_run : 288]: Running all hooks with type 2...
[01.12.26-00:19:41]: [ltf_hooks.c/ltf_hooks_run : 300]: Running hook with type 2 and ref 10
[01.12.26-00:19:41]: [modules/ltf/ltf.c/l_module_ltf_log : 448]: Invoked ltf-main log...
[01.12.26-00:19:41]: [modules/ltf/ltf.c/log_helper : 384]: Constructing log message buffer with 3 arguments...
[01.12.26-00:19:41]: [modules/ltf/ltf.c/log_helper : 411]: Final message string: Hook testfinished
[01.12.26-00:19:41]: [modules/ltf/ltf.c/log_helper : 419]: Parent caller detected.
[01.12.26-00:19:41]: [modules/ltf/ltf.c/log_helper : 428]: File: /home/iar/testing_automation/LTF/selftest/hooks/hooks.lua, line: 23
[01.12.26-00:19:41]: [modules/ltf/ltf.c/l_module_ltf_log : 465]: Successfully finished ltf-main log.
[01.12.26-00:19:41]: [ltf_hooks.c/ltf_hooks_run : 310]: Successfully ran hook with type 2 and ref 10
[01.12.26-00:19:41]: [ltf_hooks.c/ltf_hooks_run : 314]: Successfully ran all hooks with type 2.
[01.12.26-00:19:41]: [test_logs.c/ltf_log_test_started : 60]: Wrote to output log file
[01.12.26-00:19:41]: [ltf_hooks.c/ltf_hooks_run : 288]: Running all hooks with type 1...
[01.12.26-00:19:41]: [ltf_hooks.c/ltf_hooks_run : 300]: Running hook with type 1 and ref 9
[01.12.26-00:19:41]: [modules/ltf/ltf.c/l_module_ltf_log : 448]: Invoked ltf-main log...
[01.12.26-00:19:41]: [modules/ltf/ltf.c/log_helper : 384]: Constructing log message buffer with 3 arguments...
[01.12.26-00:19:41]: [modules/ltf/ltf.c/log_helper : 411]: Final message string: Hook test started
[01.12.26-00:19:41]: [modules/ltf/ltf.c/log_helper : 419]: Parent caller detected.
[01.12.26-00:19:41]: [modules/ltf/ltf.c/log_helper : 428]: File: /home/iar/testing_automation/LTF/selftest/hooks/hooks.lua, line: 17
[01.12.26-00:19:41]: [modules/ltf/ltf.c/l_module_ltf_log : 465]: Successfully finished ltf-main log.
[01.12.26-00:19:41]: [ltf_hooks.c/ltf_hooks_run : 310]: Successfully ran hook with type 1 and ref 9
[01.12.26-00:19:41]: [ltf_hooks.c/ltf_hooks_run : 314]: Successfully ran all hooks with type 1.
[01.12.26-00:19:41]: [ltf_test.c/run_all_tests : 185]: Setting up error handler...
[01.12.26-00:19:41]: [ltf_test.c/run_all_tests : 188]: Error handler index: 7
[01.12.26-00:19:41]: [ltf_test.c/run_all_tests : 190]: Pushing test body with index 6...
[01.12.26-00:19:41]: [ltf_test.c/run_all_tests : 199]: Resetting ltf.millis...
[01.12.26-00:19:41]: [ltf_test.c/run_all_tests : 202]: Executing test 'Test SSH shell channel'...
[01.12.26-00:19:41]: [modules/ltf/ltf.c/l_module_ltf_defer : 104]: Adding new defer to defer queue...
[01.12.26-00:19:41]: [modules/ltf/ltf.c/l_module_ltf_defer : 108]: Amount of arguments: 1
[01.12.26-00:19:41]: [modules/ltf/ltf.c/l_module_ltf_defer : 114]: Defer queue is nil, creating new one...
[01.12.26-00:19:41]: [modules/ltf/ltf.c/l_module_ltf_defer : 119]: Successfully created new defer queue.
[01.12.26-00:19:41]: [modules/ltf/ltf.c/l_module_ltf_defer : 123]: Pushing defer to defer queue...
[01.12.26-00:19:41]: [modules/ltf/ltf.c/l_module_ltf_defer : 133]: Successfully added new defer to defer queue.
[01.12.26-00:19:44]: [ltf_test.c/run_all_tests : 204]: Finished executing test 'Test SSH shell channel', status: 2
[01.12.26-00:19:44]: [ltf_test.c/run_all_tests : 212]: Test 'Test SSH shell channel' traceback: ...g_automation/LTF/selftest/tests/bootstrap/module-ssh.lua:16: libssh2_userauth failed with code: AUTHENTICATION_FAILED
stack traceback:
	[C]: in method 'connect'
	...g_automation/LTF/selftest/tests/bootstrap/module-ssh.lua:16: in upvalue 'new_session'
	...g_automation/LTF/selftest/tests/bootstrap/module-ssh.lua:65: in function <...g_automation/LTF/selftest/tests/bootstrap/module-ssh.lua:64>
[01.12.26-00:19:44]: [ltf_test.c/run_all_tests : 227]: Popping error handler...
[01.12.26-00:19:44]: [test_logs.c/ltf_log_test_finished : 73]: Wrote to output log file
[01.12.26-00:19:44]: [ltf_test.c/run_deferred : 80]: Running deferred test queue...
[01.12.26-00:19:44]: [test_logs.c/ltf_log_defer_queue_started : 80]: Wrote to output log file
[01.12.26-00:19:44]: [ltf_test.c/run_deferred : 96]: Setting up error handler...
[01.12.26-00:19:44]: [ltf_test.c/run_deferred : 99]: Error handler index: 8
[01.12.26-00:19:44]: [ltf_test.c/run_deferred : 111]: Argcount is 0, pushing status 'failed'...
[01.12.26-00:19:44]: [ltf_test.c/run_deferred : 116]: Executing defer 1 with argcount 1...
[01.12.26-00:19:44]: [ltf_test.c/run_deferred : 118]: Executed defer 1, status: 0
[01.12.26-00:19:44]: [test_logs.c/ltf_log_defer_queue_finished : 86]: Wrote to output log file
[01.12.26-00:19:44]: [ltf_test.c/run_deferred : 146]: Clearing defer list...
[01.12.26-00:19:44]: [ltf_test.c/run_deferred : 149]: Defer list cleared.
[01.12.26-00:19:44]: [ltf_test.c/run_deferred : 151]: Finished running defer queue.
[01.12.26-00:19:44]: [ltf_hooks.c/ltf_hooks_run : 288]: Running all hooks with type 2...
[01.12.26-00:19:44]: [ltf_hooks.c/ltf_hooks_run : 300]: Running hook with type 2 and ref 10
[01.12.26-00:19:44]: [modules/ltf/ltf.c/l_module_ltf_log : 448]: Invoked ltf-main log...
[01.12.26-00:19:44]: [modules/ltf/ltf.c/log_helper : 384]: Constructing log message buffer with 3 arguments...
[01.12.26-00:19:44]: [modules/ltf/ltf.c/log_helper : 411]: Final message string: Hook testfinished
[01.12.26-00:19:44]: [modules/ltf/ltf.c/log_helper : 419]: Parent caller detected.
[01.12.26-00:19:44]: [modules/ltf/ltf.c/log_helper : 428]: File: /home/iar/testing_automation/LTF/selftest/hooks/hooks.lua, line: 23
[01.12.26-00:19:44]: [modules/ltf/ltf.c/l_module_ltf_log : 465]: Successfully finished ltf-main log.
[01.12.26-00:19:44]: [ltf_hooks.c/ltf_hooks_run : 310]: Successfully ran hook with type 2 and ref 10
[01.12.26-00:19:44]: [ltf_hooks.c/ltf_hooks_run : 314]: Successfully ran all hooks with type 2.
[01.12.26-00:19:44]: [test_logs.c/ltf_log_test_started : 60]: Wrote to output log file
[01.12.26-00:19:44]: [ltf_hooks.c/ltf_hooks_run : 288]: Running all hooks with type 1...
[01.12.26-00:19:44]: [ltf_hooks.c/ltf_hooks_run : 300]: Running hook with type 1 and ref 9
[01.12.26-00:19:44]: [modules/ltf/ltf.c/l_module_ltf_log : 448]: Invoked ltf-main log...
[01.12.26-00:19:44]: [modules/ltf/ltf.c/log_helper : 384]: Constructing log message buffer with 3 arguments...
[01.12.26-00:19:44]: [modules/ltf/ltf.c/log_helper : 411]: Final message string: Hook test started
[01.12.26-00:19:44]: [modules/ltf/ltf.c/log_helper : 419]: Parent caller detected.
[01.12.26-00:19:44]: [modules/ltf/ltf.c/log_helper : 428]: File: /home/iar/testing_automation/LTF/selftest/hooks/hooks.lua, line: 17
[01.12.26-00:19:44]: [modules/ltf/ltf.c/l_module_ltf_log : 465]: Successfully finished ltf-main log.
[01.12.26-00:19:44]: [ltf_hooks.c/ltf_hooks_run : 310]: Successfully ran hook with type 1 and ref 9
[01.12.26-00:19:44]: [ltf_hooks.c/ltf_hooks_run : 314]: Successfully ran all hooks with type 1.
[01.12.26-00:19:44]: [ltf_test.c/run_all_tests : 185]: Setting up error handler...
[01.12.26-00:19:44]: [ltf_test.c/run_all_tests : 188]: Error handler index: 9
[01.12.26-00:19:44]: [ltf_test.c/run_all_tests : 190]: Pushing test body with index 7...
[01.12.26-00:19:44]: [ltf_test.c/run_all_tests : 199]: Resetting ltf.millis...
[01.12.26-00:19:44]: [ltf_test.c/run_all_tests : 202]: Executing test 'Test SFTP file transfer'...
[01.12.26-00:19:44]: [modules/ltf/ltf.c/l_module_ltf_defer : 104]: Adding new defer to defer queue...
[01.12.26-00:19:44]: [modules/ltf/ltf.c/l_module_ltf_defer : 108]: Amount of arguments: 1
[01.12.26-00:19:44]: [modules/ltf/ltf.c/l_module_ltf_defer : 114]: Defer queue is nil, creating new one...
[01.12.26-00:19:44]: [modules/ltf/ltf.c/l_module_ltf_defer : 119]: Successfully created new defer queue.
[01.12.26-00:19:44]: [modules/ltf/ltf.c/l_module_ltf_defer : 123]: Pushing defer to defer queue...
[01.12.26-00:19:44]: [modules/ltf/ltf.c/l_module_ltf_defer : 133]: Successfully added new defer to defer queue.
[01.12.26-00:19:48]: [ltf_test.c/run_all_tests : 204]: Finished executing test 'Test SFTP file transfer', status: 2
[01.12.26-00:19:48]: [ltf_test.c/run_all_tests : 212]: Test 'Test SFTP file transfer' traceback: ...g_automation/LTF/selftest/tests/bootstrap/module-ssh.lua:16: libssh2_userauth failed with code: AUTHENTICATION_FAILED
stack traceback:
	[C]: in method 'connect'
	...g_automation/LTF/selftest/tests/bootstrap/module-ssh.lua:16: in upvalue 'new_session'
	...g_automation/LTF/selftest/tests/bootstrap/module-ssh.lua:90: in function <...g_automation/LTF/selftest/tests/bootstrap/module-ssh.lua:89>
[01.12.26-00:19:48]: [ltf_test.c/run_all_tests : 227]: Popping error handler...
[01.12.26-00:19:48]: [test_logs.c/ltf_log_test_finished : 73]: Wrote to output log file
[01.12.26-00:19:48]: [ltf_test.c/run_deferred : 80]: Running deferred test queue...
[01.12.26-00:19:48]: [test_logs.c/ltf_log_defer_queue_started : 80]: Wrote to output log file
[01.12.26-00:19:48]: [ltf_test.c/run_deferred : 96]: Setting up error handler...
[01.12.26-00:19:48]: [ltf_test.c/run_deferred : 99]: Error handler index: 10
[01.12.26-00:19:48]: [ltf_test.c/run_deferred : 111]: Argcount is 0, pushing status 'failed'...
[01.12.26-00:19:48]: [ltf_test.c/run_deferred : 116]: Executing defer 1 with argcount 1...
[01.12.26-00:19:48]: [ltf_test.c/run_deferred : 118]: Executed defer 1, status: 0
[01.12.26-00:19:48]: [test_logs.c/ltf_log_defer_queue_finished : 86]: Wrote to output log file
[01.12.26-00:19:48]: [ltf_test.c/run_deferred : 146]: Clearing defer list...
[01.12.26-00:19:48]: [ltf_test.c/run_deferred : 149]: Defer list cleared.
[01.12.26-00:19:48]: [ltf_test.c/run_deferred : 151]: Finished running defer queue.
[01.12.26-00:19:48]: [ltf_hooks.c/ltf_hooks_run : 288]: Running all hooks with type 2...
[01.12.26-00:19:48]: [ltf_hooks.c/ltf_hooks_run : 300]: Running hook with type 2 and ref 10
[01.12.26-00:19:48]: [modules/ltf/ltf.c/l_module_ltf_log : 448]: Invoked ltf-main log...
[01.12.26-00:19:48]: [modules/ltf/ltf.c/log_helper : 384]: Constructing log message buffer with 3 arguments...
[01.12.26-00:19:48]: [modules/ltf/ltf.c/log_helper : 411]: Final message string: Hook testfinished
[01.12.26-00:19:48]: [modules/ltf/ltf.c/log_helper : 419]: Parent caller detected.
[01.12.26-00:19:48]: [modules/ltf/ltf.c/log_helper : 428]: File: /home/iar/testing_automation/LTF/selftest/hooks/hooks.lua, line: 23
[01.12.26-00:19:48]: [modules/ltf/ltf.c/l_module_ltf_log : 465]: Successfully finished ltf-main log.
[01.12.26-00:19:48]: [ltf_hooks.c/ltf_hooks_run : 310]: Successfully ran hook with type 2 and ref 10
[01.12.26-00:19:48]: [ltf_hooks.c/ltf_hooks_run : 314]: Successfully ran all hooks with type 2.
[01.12.26-00:19:48]: [test_logs.c/ltf_log_test_run_finished : 102]: Saving raw log file...
[01.12.26-00:19:48]: [test_logs.c/ltf_log_test_run_finished : 109]: Freeing JSON object...
[01.12.26-00:19:48]: [test_logs.c/ltf_log_test_run_finished : 115]: Flushing and closing output log file...
[01.12.26-00:19:48]: [test_logs.c/ltf_log_test_run_finished : 129]: Creating symlinks '/home/iar/testing_automation/LTF/selftest/logs/bootstrap/test_run_latest_output.log' and '/home/iar/testing_automation/LTF/selftest/logs/bootstrap/test_run_latest_raw.json'...
[01.12.26-00:19:48]: [test_logs.c/ltf_log_test_run_finished : 147]: Successfully finalized LTF logging.
[01.12.26-00:19:48]: [ltf_hooks.c/ltf_hooks_run : 288]: Running all hooks with type 3...
[01.12.26-00:19:48]: [ltf_hooks.c/ltf_hooks_run : 300]: Running hook with type 3 and ref 11
[01.12.26-00:19:48]: [modules/ltf/ltf.c/l_module_ltf_log : 448]: Invoked ltf-main log...
[01.12.26-00:19:48]: [modules/ltf/ltf.c/log_helper : 384]: Constructing log message buffer with 3 arguments...
[01.12.26-00:19:48]: [modules/ltf/ltf.c/log_helper : 411]: Final message string: Hook test run finished
[01.12.26-00:19:48]: [modules/ltf/ltf.c/log_helper : 419]: Parent caller detected.
[01.12.26-00:19:48]: [modules/ltf/ltf.c/log_helper : 428]: File: /home/iar/testing_automation/LTF/selftest/hooks/hooks.lua, line: 33
[01.12.26-00:19:48]: [modules/ltf/ltf.c/l_module_ltf_log : 465]: Successfully finished ltf-main log.
[01.12.26-00:19:48]: [ltf_hooks.c/ltf_hooks_run : 310]: Successfully ran hook with type 3 and ref 11
[01.12.26-00:19:48]: [ltf_hooks.c/ltf_hooks_run : 314]: Successfully ran all hooks with type 3.
[01.12.26-00:19:48]: [ltf_tui.c/ltf_tui_deinit : 699]: Start TUI deinit
[01.12.26-00:19:48]: [ltf_test.c/ltf_test : 593]: Tidying up...
[01.12.26-00:19:48]: [test_case.c/test_case_free_all : 105]: Freeing test cases...
[01.12.26-00:19:48]: [test_case.c/test_case_free_all : 117]: Freeing tests OK.
[01.12.26-00:19:48]: [ltf_hooks.c/ltf_hooks_deinit : 330]: Deinitializing LTF hooks...
[01.12.26-00:19:48]: [ltf_hooks.c/ltf_hooks_deinit : 342]: Successfully deinitialized LTF hooks.
[01.12.26-00:19:48]: [project_parser.c/project_parser_free : 230]: Freeing parsed project...
[01.12.26-00:19:48]: [project_parser.c/project_parser_free : 240]: Parsed project freed.
LTF INTERNAL LOG END
